[debug] [2023-06-04T16:29:08.712Z] ----------------------------------------------------------------------
[debug] [2023-06-04T16:29:08.714Z] Command:       C:\Program Files\nodejs\node.exe C:\Users\haari\AppData\Roaming\npm\node_modules\firebase-tools\lib\bin\firebase.js init
[debug] [2023-06-04T16:29:08.715Z] CLI Version:   12.3.0
[debug] [2023-06-04T16:29:08.715Z] Platform:      win32
[debug] [2023-06-04T16:29:08.715Z] Node Version:  v18.12.1
[debug] [2023-06-04T16:29:08.716Z] Time:          Sun Jun 04 2023 21:59:08 GMT+0530 (India Standard Time)
[debug] [2023-06-04T16:29:08.716Z] ----------------------------------------------------------------------
[debug] 
[debug] [2023-06-04T16:29:08.723Z] > command requires scopes: ["email","openid","https://www.googleapis.com/auth/cloudplatformprojects.readonly","https://www.googleapis.com/auth/firebase","https://www.googleapis.com/auth/cloud-platform"]
[debug] [2023-06-04T16:29:08.723Z] > authorizing via signed-in user (mdharis00000@gmail.com)
[info] 
     ######## #### ########  ######## ########     ###     ######  ########
     ##        ##  ##     ## ##       ##     ##  ##   ##  ##       ##
     ######    ##  ########  ######   ########  #########  ######  ######
     ##        ##  ##    ##  ##       ##     ## ##     ##       ## ##
     ##       #### ##     ## ######## ########  ##     ##  ######  ########

You're about to initialize a Firebase project in this directory:

  C:\Users\haari\Desktop\YelpCamp

[info] 
=== Project Setup
[info] 
[info] First, let's associate this project directory with a Firebase project.
[info] You can create multiple project aliases by running firebase use --add, 
[info] but for now we'll just set up a default project.
[info] 
[debug] [2023-06-04T16:32:09.317Z] >>> [apiv2][query] GET https://firebase.googleapis.com/v1beta1/projects pageSize=100
[debug] [2023-06-04T16:32:10.702Z] <<< [apiv2][status] GET https://firebase.googleapis.com/v1beta1/projects 200
[debug] [2023-06-04T16:32:10.702Z] <<< [apiv2][body] GET https://firebase.googleapis.com/v1beta1/projects [omitted]
[info] i  Using project travellure-c1015 (travellure) 
[info] 
=== Hosting Setup
[info] 
[info] Your public directory is the folder (relative to your project directory) that
[info] will contain Hosting assets to be uploaded with firebase deploy. If you
[info] have a build process for your assets, use your build's output directory.
[info] 
[debug] [2023-06-04T16:32:24.836Z] >>> [apiv2][query] GET https://www.gstatic.com/firebasejs/releases.json [none]
[debug] [2023-06-04T16:32:24.965Z] <<< [apiv2][status] GET https://www.gstatic.com/firebasejs/releases.json 200
[debug] [2023-06-04T16:32:24.965Z] <<< [apiv2][body] GET https://www.gstatic.com/firebasejs/releases.json {"current":{"version":"9.22.1","browserURL":"https://www.gstatic.com/firebasejs/9.22.1/firebase.js","packageURL":"https://www.gstatic.com/firebasejs/9.22.1/firebase.tgz"},"live":{"version":"9.22","browserURL":"https://www.gstatic.com/firebasejs/live/9.22/firebase.js","packageURL":"https://www.gstatic.com/firebasejs/live/9.22/firebase.tgz"},"components":{"analytics":"https://www.gstatic.com/firebasejs/9.22.1/firebase-analytics.js","app":"https://www.gstatic.com/firebasejs/9.22.1/firebase-app.js","app-check":"https://www.gstatic.com/firebasejs/9.22.1/firebase-app-check.js","auth":"https://www.gstatic.com/firebasejs/9.22.1/firebase-auth.js","auth/cordova":"https://www.gstatic.com/firebasejs/9.22.1/firebase-auth/cordova.js","auth/react-native":"https://www.gstatic.com/firebasejs/9.22.1/firebase-auth/react-native.js","functions":"https://www.gstatic.com/firebasejs/9.22.1/firebase-functions.js","firestore":"https://www.gstatic.com/firebasejs/9.22.1/firebase-firestore.js","firestore/lite":"https://www.gstatic.com/firebasejs/9.22.1/firebase-firestore/lite.js","installations":"https://www.gstatic.com/firebasejs/9.22.1/firebase-installations.js","storage":"https://www.gstatic.com/firebasejs/9.22.1/firebase-storage.js","performance":"https://www.gstatic.com/firebasejs/9.22.1/firebase-performance.js","remote-config":"https://www.gstatic.com/firebasejs/9.22.1/firebase-remote-config.js","messaging":"https://www.gstatic.com/firebasejs/9.22.1/firebase-messaging.js","messaging/sw":"https://www.gstatic.com/firebasejs/9.22.1/firebase-messaging/sw.js","database":"https://www.gstatic.com/firebasejs/9.22.1/firebase-database.js","firestore.memory":"https://www.gstatic.com/firebasejs/9.22.1/firebase-firestore.memory.js"}}
[info] +  Wrote public/index.html 
[info] 
[info] i  Detected a .git folder at C:\Users\haari\Desktop\YelpCamp 
[info] i  Authorizing with GitHub to upload your service account to a GitHub repository's secrets store. 
[info] 
[info] Visit this URL on this device to log in:
[info] https://github.com/login/oauth/authorize?client_id=89cf50f02ac6aaed3484&state=196827189&redirect_uri=http%3A%2F%2Flocalhost%3A9005&scope=read%3Auser%20repo%20public_repo
[info] 
[info] Waiting for authentication...
[debug] [2023-06-04T16:32:33.375Z] >>> [apiv2][query] POST https://github.com/login/oauth/access_token [none]
[debug] [2023-06-04T16:32:33.376Z] >>> [apiv2][body] POST https://github.com/login/oauth/access_token [stream]
[debug] [2023-06-04T16:32:33.810Z] <<< [apiv2][status] POST https://github.com/login/oauth/access_token 200
[debug] [2023-06-04T16:32:33.810Z] <<< [apiv2][body] POST https://github.com/login/oauth/access_token {"access_token":"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","token_type":"bearer","scope":"read:user,repo"}
[debug] [2023-06-04T16:32:33.846Z] >>> [apiv2][query] GET https://api.github.com/user [none]
[debug] [2023-06-04T16:32:34.266Z] <<< [apiv2][status] GET https://api.github.com/user 200
[debug] [2023-06-04T16:32:34.266Z] <<< [apiv2][body] GET https://api.github.com/user {"login":"Haaris01","id":70129000,"node_id":"MDQ6VXNlcjcwMTI5MDAw","avatar_url":"https://avatars.githubusercontent.com/u/70129000?v=4","gravatar_id":"","url":"https://api.github.com/users/Haaris01","html_url":"https://github.com/Haaris01","followers_url":"https://api.github.com/users/Haaris01/followers","following_url":"https://api.github.com/users/Haaris01/following{/other_user}","gists_url":"https://api.github.com/users/Haaris01/gists{/gist_id}","starred_url":"https://api.github.com/users/Haaris01/starred{/owner}{/repo}","subscriptions_url":"https://api.github.com/users/Haaris01/subscriptions","organizations_url":"https://api.github.com/users/Haaris01/orgs","repos_url":"https://api.github.com/users/Haaris01/repos","events_url":"https://api.github.com/users/Haaris01/events{/privacy}","received_events_url":"https://api.github.com/users/Haaris01/received_events","type":"User","site_admin":false,"name":"Muhammed Haris","company":null,"blog":"","location":null,"email":null,"hireable":null,"bio":null,"twitter_username":null,"public_repos":13,"public_gists":0,"followers":0,"following":0,"created_at":"2020-08-24T06:07:50Z","updated_at":"2022-10-19T17:09:54Z","private_gists":0,"total_private_repos":0,"owned_private_repos":0,"disk_usage":121326,"collaborators":0,"two_factor_authentication":false,"plan":{"name":"free","space":976562499,"collaborators":0,"private_repos":10000}}
[info] 
[info] +  Success! Logged into GitHub as Haaris01 
[info] 
[debug] [2023-06-04T16:32:42.588Z] >>> [apiv2][query] GET https://api.github.com/repos//actions/secrets/public-key type=owner
[debug] [2023-06-04T16:32:43.211Z] <<< [apiv2][status] GET https://api.github.com/repos//actions/secrets/public-key 404
[debug] [2023-06-04T16:32:43.211Z] <<< [apiv2][body] GET https://api.github.com/repos//actions/secrets/public-key {"message":"Not Found","documentation_url":"https://docs.github.com/rest"}
[info] 
[info] 
[error] !  The provided authorization cannot be used with this repository. If this repository is in an organization, did you remember to grant access? 
[info] 
[info] i  Action required: Visit this URL to ensure access has been granted to the appropriate organization(s) for the Firebase CLI GitHub OAuth App: 
[info] https://github.com/settings/connections/applications/89cf50f02ac6aaed3484
[info] 
[debug] [2023-06-04T16:33:05.914Z] >>> [apiv2][query] GET https://api.github.com/repos//actions/secrets/public-key type=owner
[debug] [2023-06-04T16:33:06.279Z] <<< [apiv2][status] GET https://api.github.com/repos//actions/secrets/public-key 404
[debug] [2023-06-04T16:33:06.280Z] <<< [apiv2][body] GET https://api.github.com/repos//actions/secrets/public-key {"message":"Not Found","documentation_url":"https://docs.github.com/rest"}
[info] 
[info] 
[error] !  The provided authorization cannot be used with this repository. If this repository is in an organization, did you remember to grant access? 
[info] 
[info] i  Action required: Visit this URL to ensure access has been granted to the appropriate organization(s) for the Firebase CLI GitHub OAuth App: 
[info] https://github.com/settings/connections/applications/89cf50f02ac6aaed3484
[info] 
